2025-10-15 12:39:04,148 [INFO] [MainThread] [root/log.py:59]: YASB v1.8.3
2025-10-15 12:39:04,148 [INFO] [Thread-1 (_run_server)] [cli_server/cli_server.py:212]: CLI server started v1.1.2
2025-10-15 12:39:04,149 [INFO] [MainThread] [cli_server/cli_server.py:104]: Log pipe server started
2025-10-15 12:39:04,181 [INFO] [MainThread] [root/config.py:64]: Created default config file at C:\Users\vojtech.kylar\.config\yasb\config.yaml
2025-10-15 12:39:04,213 [INFO] [MainThread] [root/config.py:78]: Created default stylesheet at C:\Users\vojtech.kylar\.config\yasb\styles.css
2025-10-15 12:39:04,370 [DEBUG] [MainThread] [tzlocal/win32.py:55]: Looking up time zone info from registry
2025-10-15 12:39:04,456 [DEBUG] [MainThread] [comtypes/__init__.py:149]: CoInitializeEx(None, 2)
2025-10-15 12:39:04,602 [ERROR] [MainThread] [root/weather.py:59]: API key or location is missing. Please provide a valid API key and location.
2025-10-15 12:39:05,819 [ERROR] [MainThread] [root/weather.py:59]: API key or location is missing. Please provide a valid API key and location.
2025-10-15 12:39:06,012 [INFO] [MainThread] [root/bar_manager.py:85]: Starting WindowsNotificationEventListener...
2025-10-15 12:39:06,014 [INFO] [MainThread] [root/bar_manager.py:85]: Starting SystemEventListener...
2025-10-15 12:39:06,015 [INFO] [MainThread] [root/bar_manager.py:85]: Starting KomorebiEventListener...
2025-10-15 12:39:06,015 [INFO] [MainThread] [root/watcher.py:54]: Created file watcher for path C:\Users\vojtech.kylar\.config\yasb
2025-10-15 12:39:06,136 [INFO] [Dummy-5] [root/event_listener.py:51]: Created named pipe yasb-2c8cd3fd-a9b3-11f0-8c3a-c03c594c6139
2025-10-15 12:39:06,181 [DEBUG] [MainThread] [qasync._windows._EventPoller/_windows.py:215]: Starting (proactor: <_IocpProactor overlapped#=0 result#=0>)...
2025-10-15 12:39:06,186 [DEBUG] [Dummy-7] [qasync._windows._EventWorker/_windows.py:195]: Thread started
2025-10-15 12:40:06,455 [INFO] [Thread-1 (_run_server)] [cli_server/cli_server.py:253]: CLI server received command: stop
2025-10-15 12:40:06,455 [INFO] [Thread-1 (_run_server)] [root/controller.py:35]: Exiting Application from CLI...
2025-10-15 12:40:06,561 [INFO] [Thread-1 (_run_server)] [cli_server/cli_server.py:112]: Log pipe server stopped
2025-10-15 12:40:06,561 [DEBUG] [Thread-1 (_run_server)] [cli_server/cli_server.py:206]: CLI server stopped
2025-10-15 12:40:06,921 [INFO] [MainThread] [root/bar_manager.py:92]: Stopping WindowsNotificationEventListener...
2025-10-15 12:40:06,922 [INFO] [MainThread] [root/bar_manager.py:92]: Stopping SystemEventListener...
2025-10-15 12:40:06,923 [INFO] [MainThread] [root/bar_manager.py:92]: Stopping KomorebiEventListener...
2025-10-15 12:40:06,950 [DEBUG] [MainThread] [qasync._windows._EventPoller/_windows.py:220]: Stopping worker thread...
2025-10-15 12:40:06,952 [DEBUG] [Dummy-7] [qasync._windows._EventWorker/_windows.py:204]: Exiting thread
2025-10-15 12:40:06,959 [DEBUG] [MainThread] [qasync._windows._IocpProactor/_windows.py:78]: Closing
2025-10-15 12:40:07,969 [INFO] [MainThread] [root/log.py:59]: YASB v1.8.3
2025-10-15 12:40:07,970 [INFO] [Thread-1 (_run_server)] [cli_server/cli_server.py:212]: CLI server started v1.1.2
2025-10-15 12:40:07,970 [INFO] [MainThread] [cli_server/cli_server.py:104]: Log pipe server started
2025-10-15 12:40:08,548 [DEBUG] [MainThread] [tzlocal/win32.py:55]: Looking up time zone info from registry
2025-10-15 12:40:08,627 [DEBUG] [MainThread] [comtypes/__init__.py:149]: CoInitializeEx(None, 2)
2025-10-15 12:40:09,974 [INFO] [MainThread] [root/bar_manager.py:85]: Starting KomorebiEventListener...
2025-10-15 12:40:09,975 [INFO] [MainThread] [root/bar_manager.py:85]: Starting WindowsNotificationEventListener...
2025-10-15 12:40:09,977 [INFO] [MainThread] [root/watcher.py:54]: Created file watcher for path C:\Users\vojtech.kylar\.config\yasb
2025-10-15 12:40:10,108 [INFO] [Dummy-5] [root/event_listener.py:51]: Created named pipe yasb-52ac404b-a9b3-11f0-bca0-c03c594c6139
2025-10-15 12:40:11,324 [DEBUG] [MainThread] [qasync._windows._EventPoller/_windows.py:215]: Starting (proactor: <_IocpProactor overlapped#=0 result#=0>)...
2025-10-15 12:40:11,363 [DEBUG] [Dummy-9] [qasync._windows._EventWorker/_windows.py:195]: Thread started
2025-10-15 12:40:11,364 [DEBUG] [MainThread] [systray_widget/systray.py:538]: Loading state from C:\Users\vojtech.kylar\AppData\Local\YASB\systray_state_AOC27B2G5PUFM2HA010945.json
2025-10-15 12:40:11,531 [DEBUG] [TaskbarService] [systray_widget/systray.py:72]: TaskbarService thread is starting...
2025-10-15 12:40:11,531 [DEBUG] [TrayMonitor] [systray_widget/systray.py:58]: Systray thread is starting...
2025-10-15 12:40:11,610 [DEBUG] [TaskbarService] [root/tasks_service.py:75]: Found yasb systray hwnd: 199720
2025-10-15 12:40:11,611 [DEBUG] [TaskbarService] [systray_widget/tasks_service.py:81]: Adding TaskbandHWND prop to hwnd 199720
2025-10-15 12:40:11,625 [DEBUG] [MainThread] [systray_widget/systray.py:538]: Loading state from C:\Users\vojtech.kylar\AppData\Local\YASB\systray_state_AOC24B2W11328.json
2025-10-15 12:40:11,735 [DEBUG] [MainThread] [systray_widget/systray.py:285]: Systray thread started
2025-10-15 12:40:11,752 [INFO] [MainThread] [root/api.py:69]: Fetching new weather data at 2025-10-15 12:40:11.752368
2025-10-15 12:40:11,936 [DEBUG] [TaskbarService] [systray_widget/tasks_service.py:81]: Adding TaskbandHWND prop to hwnd 199720
2025-10-15 12:40:11,937 [DEBUG] [TrayMonitor] [systray_widget/tray_monitor.py:228]: Finding real tray hwnd
2025-10-15 12:40:11,950 [DEBUG] [MainThread] [systray_widget/tray_monitor.py:154]: Sending TaskbarCreated message: 49227
2025-10-15 12:40:13,006 [DEBUG] [TrayMonitor] [systray_widget/utils.py:124]: Could not open process ID 10584. Err: 5
2025-10-15 12:40:13,016 [DEBUG] [TrayMonitor] [systray_widget/utils.py:124]: Could not open process ID 10584. Err: 5
2025-10-15 12:40:13,021 [DEBUG] [TrayMonitor] [systray_widget/utils.py:124]: Could not open process ID 10584. Err: 5
2025-10-15 12:40:14,005 [DEBUG] [MainThread] [systray_widget/systray.py:476]: Re-sorting widgets
2025-10-15 12:40:14,006 [DEBUG] [MainThread] [systray_widget/systray.py:498]: Updating current state
2025-10-15 12:40:14,006 [DEBUG] [MainThread] [systray_widget/systray.py:476]: Re-sorting widgets
2025-10-15 12:40:14,006 [DEBUG] [MainThread] [systray_widget/systray.py:498]: Updating current state
2025-10-15 12:40:17,998 [DEBUG] [TrayMonitor] [systray_widget/utils.py:124]: Could not open process ID 10584. Err: 5
2025-10-15 12:40:21,520 [DEBUG] [MainThread] [systray_widget/systray.py:476]: Re-sorting widgets
2025-10-15 12:40:21,520 [DEBUG] [MainThread] [systray_widget/systray.py:498]: Updating current state
2025-10-15 12:40:21,521 [DEBUG] [MainThread] [systray_widget/systray.py:476]: Re-sorting widgets
2025-10-15 12:40:21,521 [DEBUG] [MainThread] [systray_widget/systray.py:498]: Updating current state
2025-10-15 12:40:23,007 [DEBUG] [TrayMonitor] [systray_widget/utils.py:124]: Could not open process ID 10584. Err: 5
2025-10-15 12:40:28,006 [DEBUG] [TrayMonitor] [systray_widget/utils.py:124]: Could not open process ID 10584. Err: 5
2025-10-15 12:40:31,496 [INFO] [Thread-1 (_run_server)] [cli_server/cli_server.py:253]: CLI server received command: stop
2025-10-15 12:40:31,496 [INFO] [Thread-1 (_run_server)] [root/controller.py:35]: Exiting Application from CLI...
2025-10-15 12:40:31,608 [INFO] [Thread-1 (_run_server)] [cli_server/cli_server.py:112]: Log pipe server stopped
2025-10-15 12:40:31,608 [DEBUG] [Thread-1 (_run_server)] [cli_server/cli_server.py:206]: CLI server stopped
2025-10-15 12:40:31,772 [INFO] [MainThread] [root/bar_manager.py:92]: Stopping KomorebiEventListener...
2025-10-15 12:40:31,772 [INFO] [MainThread] [root/bar_manager.py:92]: Stopping WindowsNotificationEventListener...
2025-10-15 12:40:31,777 [DEBUG] [MainThread] [systray_widget/systray.py:498]: Updating current state
2025-10-15 12:40:31,778 [DEBUG] [MainThread] [systray_widget/systray.py:516]: Saving state to disk
2025-10-15 12:40:31,781 [DEBUG] [MainThread] [systray_widget/systray.py:520]: Saving state to C:\Users\vojtech.kylar\AppData\Local\YASB\systray_state_AOC27B2G5PUFM2HA010945.json
2025-10-15 12:40:31,783 [DEBUG] [MainThread] [systray_widget/systray.py:498]: Updating current state
2025-10-15 12:40:31,784 [DEBUG] [MainThread] [systray_widget/systray.py:516]: Saving state to disk
2025-10-15 12:40:31,784 [DEBUG] [MainThread] [systray_widget/systray.py:520]: Saving state to C:\Users\vojtech.kylar\AppData\Local\YASB\systray_state_AOC24B2W11328.json
2025-10-15 12:40:32,036 [DEBUG] [MainThread] [qasync._windows._EventPoller/_windows.py:220]: Stopping worker thread...
2025-10-15 12:40:32,042 [DEBUG] [Dummy-9] [qasync._windows._EventWorker/_windows.py:204]: Exiting thread
2025-10-15 12:40:32,045 [DEBUG] [MainThread] [qasync._windows._IocpProactor/_windows.py:78]: Closing
2025-10-15 12:40:32,082 [DEBUG] [MainThread] [systray_widget/utils.py:96]: Destroying window 199860
2025-10-15 12:40:32,083 [DEBUG] [MainThread] [systray_widget/utils.py:96]: Destroying window 199720
2025-10-15 12:40:32,940 [INFO] [MainThread] [root/log.py:59]: YASB v1.8.3
2025-10-15 12:40:32,940 [INFO] [Thread-1 (_run_server)] [cli_server/cli_server.py:212]: CLI server started v1.1.2
2025-10-15 12:40:32,941 [INFO] [MainThread] [cli_server/cli_server.py:104]: Log pipe server started
2025-10-15 12:40:33,152 [DEBUG] [MainThread] [tzlocal/win32.py:55]: Looking up time zone info from registry
2025-10-15 12:40:33,235 [DEBUG] [MainThread] [comtypes/__init__.py:149]: CoInitializeEx(None, 2)
2025-10-15 12:40:33,380 [ERROR] [MainThread] [root/weather.py:59]: API key or location is missing. Please provide a valid API key and location.
2025-10-15 12:40:34,488 [ERROR] [MainThread] [root/weather.py:59]: API key or location is missing. Please provide a valid API key and location.
2025-10-15 12:40:34,659 [INFO] [MainThread] [root/bar_manager.py:85]: Starting KomorebiEventListener...
2025-10-15 12:40:34,660 [INFO] [MainThread] [root/bar_manager.py:85]: Starting WindowsNotificationEventListener...
2025-10-15 12:40:34,664 [INFO] [MainThread] [root/watcher.py:54]: Created file watcher for path C:\Users\vojtech.kylar\.config\yasb
2025-10-15 12:40:34,797 [INFO] [Dummy-5] [root/event_listener.py:51]: Created named pipe yasb-61630ec8-a9b3-11f0-bba6-c03c594c6139
2025-10-15 12:40:34,836 [DEBUG] [MainThread] [qasync._windows._EventPoller/_windows.py:215]: Starting (proactor: <_IocpProactor overlapped#=0 result#=0>)...
2025-10-15 12:40:34,839 [DEBUG] [Dummy-7] [qasync._windows._EventWorker/_windows.py:195]: Thread started
2025-10-15 12:41:22,304 [INFO] [MainThread] [root/controller.py:15]: Reloading Application because of config change.
2025-10-15 12:41:22,407 [INFO] [MainThread] [cli_server/cli_server.py:112]: Log pipe server stopped
2025-10-15 12:41:22,407 [DEBUG] [MainThread] [cli_server/cli_server.py:206]: CLI server stopped
2025-10-15 12:41:22,416 [INFO] [MainThread] [root/bar_manager.py:76]: Successfully loaded updated config and re-initialised all bars.
2025-10-15 12:41:22,772 [INFO] [MainThread] [root/bar_manager.py:92]: Stopping KomorebiEventListener...
2025-10-15 12:41:22,773 [INFO] [MainThread] [root/bar_manager.py:92]: Stopping WindowsNotificationEventListener...
2025-10-15 12:41:22,790 [DEBUG] [MainThread] [qasync._windows._EventPoller/_windows.py:220]: Stopping worker thread...
2025-10-15 12:41:22,800 [DEBUG] [Dummy-7] [qasync._windows._EventWorker/_windows.py:204]: Exiting thread
2025-10-15 12:41:22,812 [DEBUG] [MainThread] [qasync._windows._IocpProactor/_windows.py:78]: Closing
2025-10-15 12:41:23,242 [INFO] [MainThread] [root/log.py:59]: YASB v1.8.3
2025-10-15 12:41:23,243 [INFO] [Thread-1 (_run_server)] [cli_server/cli_server.py:212]: CLI server started v1.1.2
2025-10-15 12:41:23,243 [INFO] [MainThread] [cli_server/cli_server.py:104]: Log pipe server started
2025-10-15 12:41:23,367 [WARNING] [MainThread] [root/widget_builder.py:40]: No widget config could be found for widget 'glazewm_workspaces
2025-10-15 12:41:23,393 [DEBUG] [MainThread] [tzlocal/win32.py:55]: Looking up time zone info from registry
2025-10-15 12:41:23,482 [DEBUG] [MainThread] [comtypes/__init__.py:149]: CoInitializeEx(None, 2)
2025-10-15 12:41:23,641 [ERROR] [MainThread] [root/weather.py:59]: API key or location is missing. Please provide a valid API key and location.
2025-10-15 12:41:24,893 [WARNING] [MainThread] [root/widget_builder.py:37]: Ignoring construction of invalid widget 'glazewm_workspaces'
2025-10-15 12:41:24,911 [ERROR] [MainThread] [root/weather.py:59]: API key or location is missing. Please provide a valid API key and location.
2025-10-15 12:41:25,067 [INFO] [MainThread] [root/bar_manager.py:85]: Starting KomorebiEventListener...
2025-10-15 12:41:25,067 [INFO] [MainThread] [root/bar_manager.py:85]: Starting WindowsNotificationEventListener...
2025-10-15 12:41:25,074 [ERROR] [MainThread] [root/widget_builder.py:86]: Failed to add undefined widget(s)  - The widget "glazewm_workspaces" is undefined.
2025-10-15 12:41:25,168 [INFO] [Dummy-3] [root/event_listener.py:51]: Created named pipe yasb-7f6e86dc-a9b3-11f0-8a9a-c03c594c6139
2025-10-15 12:41:25,281 [INFO] [MainThread] [root/watcher.py:54]: Created file watcher for path C:\Users\vojtech.kylar\.config\yasb
2025-10-15 12:41:25,388 [DEBUG] [MainThread] [qasync._windows._EventPoller/_windows.py:215]: Starting (proactor: <_IocpProactor overlapped#=0 result#=0>)...
2025-10-15 12:41:25,398 [DEBUG] [Dummy-9] [qasync._windows._EventWorker/_windows.py:195]: Thread started
2025-10-15 12:41:38,161 [INFO] [MainThread] [root/controller.py:15]: Reloading Application because of config change.
2025-10-15 12:41:38,265 [INFO] [MainThread] [cli_server/cli_server.py:112]: Log pipe server stopped
2025-10-15 12:41:38,265 [DEBUG] [MainThread] [cli_server/cli_server.py:206]: CLI server stopped
2025-10-15 12:41:38,276 [INFO] [MainThread] [root/bar_manager.py:76]: Successfully loaded updated config and re-initialised all bars.
2025-10-15 12:41:38,591 [INFO] [MainThread] [root/bar_manager.py:92]: Stopping KomorebiEventListener...
2025-10-15 12:41:38,592 [INFO] [MainThread] [root/bar_manager.py:92]: Stopping WindowsNotificationEventListener...
2025-10-15 12:41:38,603 [DEBUG] [MainThread] [qasync._windows._EventPoller/_windows.py:220]: Stopping worker thread...
2025-10-15 12:41:38,610 [DEBUG] [Dummy-9] [qasync._windows._EventWorker/_windows.py:204]: Exiting thread
2025-10-15 12:41:38,630 [DEBUG] [MainThread] [qasync._windows._IocpProactor/_windows.py:78]: Closing
2025-10-15 12:41:39,089 [INFO] [MainThread] [root/log.py:59]: YASB v1.8.3
2025-10-15 12:41:39,089 [INFO] [Thread-1 (_run_server)] [cli_server/cli_server.py:212]: CLI server started v1.1.2
2025-10-15 12:41:39,090 [INFO] [MainThread] [cli_server/cli_server.py:104]: Log pipe server started
2025-10-15 12:41:39,482 [DEBUG] [MainThread] [tzlocal/win32.py:55]: Looking up time zone info from registry
2025-10-15 12:41:39,562 [DEBUG] [MainThread] [comtypes/__init__.py:149]: CoInitializeEx(None, 2)
2025-10-15 12:41:39,692 [ERROR] [MainThread] [root/weather.py:59]: API key or location is missing. Please provide a valid API key and location.
2025-10-15 12:41:40,923 [ERROR] [MainThread] [root/weather.py:59]: API key or location is missing. Please provide a valid API key and location.
2025-10-15 12:41:41,238 [INFO] [MainThread] [root/bar_manager.py:85]: Starting KomorebiEventListener...
2025-10-15 12:41:41,239 [INFO] [MainThread] [root/bar_manager.py:85]: Starting WindowsNotificationEventListener...
2025-10-15 12:41:41,242 [INFO] [MainThread] [root/watcher.py:54]: Created file watcher for path C:\Users\vojtech.kylar\.config\yasb
2025-10-15 12:41:41,276 [INFO] [Dummy-5] [root/event_listener.py:51]: Created named pipe yasb-891227ab-a9b3-11f0-9b7b-c03c594c6139
2025-10-15 12:41:41,307 [DEBUG] [MainThread] [qasync._windows._EventPoller/_windows.py:215]: Starting (proactor: <_IocpProactor overlapped#=0 result#=0>)...
2025-10-15 12:41:41,309 [DEBUG] [Dummy-7] [qasync._windows._EventWorker/_windows.py:195]: Thread started
2025-10-15 12:41:54,384 [INFO] [MainThread] [root/log.py:59]: YASB v1.8.3
2025-10-15 12:41:54,384 [INFO] [Thread-1 (_run_server)] [cli_server/cli_server.py:212]: CLI server started v1.1.2
2025-10-15 12:41:54,384 [INFO] [MainThread] [cli_server/cli_server.py:104]: Log pipe server started
2025-10-15 12:41:54,386 [ERROR] [MainThread] [root/main.py:76]: Another instance of the YASB is already running.
